[debug] [2024-11-10T07:02:13.002Z] ----------------------------------------------------------------------
[debug] [2024-11-10T07:02:13.005Z] Command:       C:\Program Files\nodejs\node.exe C:\Users\VIVEK SHAJI\AppData\Roaming\npm\node_modules\firebase-tools\lib\bin\firebase.js init
[debug] [2024-11-10T07:02:13.005Z] CLI Version:   13.24.2
[debug] [2024-11-10T07:02:13.006Z] Platform:      win32
[debug] [2024-11-10T07:02:13.006Z] Node Version:  v20.11.1
[debug] [2024-11-10T07:02:13.006Z] Time:          Sun Nov 10 2024 12:32:13 GMT+0530 (India Standard Time)
[debug] [2024-11-10T07:02:13.006Z] ----------------------------------------------------------------------
[debug] 
[debug] [2024-11-10T07:02:13.013Z] > command requires scopes: ["email","openid","https://www.googleapis.com/auth/cloudplatformprojects.readonly","https://www.googleapis.com/auth/firebase","https://www.googleapis.com/auth/cloud-platform"]
[debug] [2024-11-10T07:02:13.014Z] > authorizing via signed-in user (svivekshaji@gmail.com)
[info] 
     ######## #### ########  ######## ########     ###     ######  ########
     ##        ##  ##     ## ##       ##     ##  ##   ##  ##       ##
     ######    ##  ########  ######   ########  #########  ######  ######
     ##        ##  ##    ##  ##       ##     ## ##     ##       ## ##
     ##       #### ##     ## ######## ########  ##     ##  ######  ########

You're about to initialize a Firebase project in this directory:

  C:\Users\VIVEK SHAJI\Ashtami

[info] 
=== Project Setup
[info] 
[info] First, let's associate this project directory with a Firebase project.
[info] You can create multiple project aliases by running firebase use --add, 
[info] but for now we'll just set up a default project.
[info] 
